{"name": "Поиск по каталогу", "status": "broken", "statusDetails": {"message": "selenium.common.exceptions.ElementClickInterceptedException: Message: element click intercepted: Element <div class=\"button change-city__button change-city__button--accept blue\" tag=\"button\">...</div> is not clickable at point (232, 458). Other element would receive the click: <button class=\"button button push-notification__subscribe-button blue\">...</button>\n  (Session info: chrome=127.0.6533.120)\nStacktrace:\n0   chromedriver                        0x0000000102ee5024 cxxbridge1$str$ptr + 1887276\n1   chromedriver                        0x0000000102edd700 cxxbridge1$str$ptr + 1856264\n2   chromedriver                        0x0000000102aec82c cxxbridge1$string$len + 88524\n3   chromedriver                        0x0000000102b36020 cxxbridge1$string$len + 389568\n4   chromedriver                        0x0000000102b3464c cxxbridge1$string$len + 382956\n5   chromedriver                        0x0000000102b32878 cxxbridge1$string$len + 375320\n6   chromedriver                        0x0000000102b31dc4 cxxbridge1$string$len + 372580\n7   chromedriver                        0x0000000102b273a8 cxxbridge1$string$len + 329032\n8   chromedriver                        0x0000000102b26e38 cxxbridge1$string$len + 327640\n9   chromedriver                        0x0000000102b6848c cxxbridge1$string$len + 595500\n10  chromedriver                        0x0000000102b25474 cxxbridge1$string$len + 321044\n11  chromedriver                        0x0000000102b260e4 cxxbridge1$string$len + 324228\n12  chromedriver                        0x0000000102eaca08 cxxbridge1$str$ptr + 1656336\n13  chromedriver                        0x0000000102eb1464 cxxbridge1$str$ptr + 1675372\n14  chromedriver                        0x0000000102e928ec cxxbridge1$str$ptr + 1549556\n15  chromedriver                        0x0000000102eb1c14 cxxbridge1$str$ptr + 1677340\n16  chromedriver                        0x0000000102e845fc cxxbridge1$str$ptr + 1491460\n17  chromedriver                        0x0000000102ecea5c cxxbridge1$str$ptr + 1795684\n18  chromedriver                        0x0000000102ecebd8 cxxbridge1$str$ptr + 1796064\n19  chromedriver                        0x0000000102edd334 cxxbridge1$str$ptr + 1855292\n20  libsystem_pthread.dylib             0x0000000184fe9f94 _pthread_start + 136\n21  libsystem_pthread.dylib             0x0000000184fe4d34 thread_start + 8", "trace": "@allure.title(\"Поиск по каталогу\")\n    @allure.description(\"Тест проверяет корректное выполнение поиска, используя каталог\")\n    @allure.feature(\"READ\")\n    @allure.severity(\"normal\")\n    @pytest.mark.positive_test\n    def test_catalog_search():\n        with allure.step(\"Открытие веб-страницы в Chrome и выполнение поиска\"):\n            browser = webdriver.Chrome()\n            main_page = MainPage(browser)\n            main_page.set_cookie_policy()\n>           text = main_page.catalog_search()\n\ntest_ui/test_ui_page_object.py:75: \n_ _ _ _ _ _ _ _ _ _ _ _ _ _ _ _ _ _ _ _ _ _ _ _ _ _ _ _ _ _ _ _ _ _ _ _ _ _ _ _ _ _ _ _ _ _ _ _ _ _ _ _ _ _ _ _ _ _ _ _ _ _ _ _ _ _ _ _ _ _ _ _ _ _ _ _\ntest_ui/MainPage.py:44: in catalog_search\n    self._driver.find_element(By.XPATH, '//div[contains(text(),\"Да, я здесь\")]').click()\n/Library/Frameworks/Python.framework/Versions/3.11/lib/python3.11/site-packages/selenium/webdriver/remote/webelement.py:94: in click\n    self._execute(Command.CLICK_ELEMENT)\n/Library/Frameworks/Python.framework/Versions/3.11/lib/python3.11/site-packages/selenium/webdriver/remote/webelement.py:395: in _execute\n    return self._parent.execute(command, params)\n/Library/Frameworks/Python.framework/Versions/3.11/lib/python3.11/site-packages/selenium/webdriver/remote/webdriver.py:354: in execute\n    self.error_handler.check_response(response)\n_ _ _ _ _ _ _ _ _ _ _ _ _ _ _ _ _ _ _ _ _ _ _ _ _ _ _ _ _ _ _ _ _ _ _ _ _ _ _ _ _ _ _ _ _ _ _ _ _ _ _ _ _ _ _ _ _ _ _ _ _ _ _ _ _ _ _ _ _ _ _ _ _ _ _ _\n\nself = <selenium.webdriver.remote.errorhandler.ErrorHandler object at 0x1061a2850>\nresponse = {'status': 400, 'value': '{\"value\":{\"error\":\"element click intercepted\",\"message\":\"element click intercepted: Element ...000184fe9f94 _pthread_start + 136\\\\n21  libsystem_pthread.dylib             0x0000000184fe4d34 thread_start + 8\\\\n\"}}'}\n\n    def check_response(self, response: Dict[str, Any]) -> None:\n        \"\"\"Checks that a JSON response from the WebDriver does not have an\n        error.\n    \n        :Args:\n         - response - The JSON response from the WebDriver server as a dictionary\n           object.\n    \n        :Raises: If the response contains an error message.\n        \"\"\"\n        status = response.get(\"status\", None)\n        if not status or status == ErrorCode.SUCCESS:\n            return\n        value = None\n        message = response.get(\"message\", \"\")\n        screen: str = response.get(\"screen\", \"\")\n        stacktrace = None\n        if isinstance(status, int):\n            value_json = response.get(\"value\", None)\n            if value_json and isinstance(value_json, str):\n                import json\n    \n                try:\n                    value = json.loads(value_json)\n                    if len(value) == 1:\n                        value = value[\"value\"]\n                    status = value.get(\"error\", None)\n                    if not status:\n                        status = value.get(\"status\", ErrorCode.UNKNOWN_ERROR)\n                        message = value.get(\"value\") or value.get(\"message\")\n                        if not isinstance(message, str):\n                            value = message\n                            message = message.get(\"message\")\n                    else:\n                        message = value.get(\"message\", None)\n                except ValueError:\n                    pass\n    \n        exception_class: Type[WebDriverException]\n        e = ErrorCode()\n        error_codes = [item for item in dir(e) if not item.startswith(\"__\")]\n        for error_code in error_codes:\n            error_info = getattr(ErrorCode, error_code)\n            if isinstance(error_info, list) and status in error_info:\n                exception_class = getattr(ExceptionMapping, error_code, WebDriverException)\n                break\n        else:\n            exception_class = WebDriverException\n    \n        if not value:\n            value = response[\"value\"]\n        if isinstance(value, str):\n            raise exception_class(value)\n        if message == \"\" and \"message\" in value:\n            message = value[\"message\"]\n    \n        screen = None  # type: ignore[assignment]\n        if \"screen\" in value:\n            screen = value[\"screen\"]\n    \n        stacktrace = None\n        st_value = value.get(\"stackTrace\") or value.get(\"stacktrace\")\n        if st_value:\n            if isinstance(st_value, str):\n                stacktrace = st_value.split(\"\\n\")\n            else:\n                stacktrace = []\n                try:\n                    for frame in st_value:\n                        line = frame.get(\"lineNumber\", \"\")\n                        file = frame.get(\"fileName\", \"<anonymous>\")\n                        if line:\n                            file = f\"{file}:{line}\"\n                        meth = frame.get(\"methodName\", \"<anonymous>\")\n                        if \"className\" in frame:\n                            meth = f\"{frame['className']}.{meth}\"\n                        msg = \"    at %s (%s)\"\n                        msg = msg % (meth, file)\n                        stacktrace.append(msg)\n                except TypeError:\n                    pass\n        if exception_class == UnexpectedAlertPresentException:\n            alert_text = None\n            if \"data\" in value:\n                alert_text = value[\"data\"].get(\"text\")\n            elif \"alert\" in value:\n                alert_text = value[\"alert\"].get(\"text\")\n            raise exception_class(message, screen, stacktrace, alert_text)  # type: ignore[call-arg]  # mypy is not smart enough here\n>       raise exception_class(message, screen, stacktrace)\nE       selenium.common.exceptions.ElementClickInterceptedException: Message: element click intercepted: Element <div class=\"button change-city__button change-city__button--accept blue\" tag=\"button\">...</div> is not clickable at point (232, 458). Other element would receive the click: <button class=\"button button push-notification__subscribe-button blue\">...</button>\nE         (Session info: chrome=127.0.6533.120)\nE       Stacktrace:\nE       0   chromedriver                        0x0000000102ee5024 cxxbridge1$str$ptr + 1887276\nE       1   chromedriver                        0x0000000102edd700 cxxbridge1$str$ptr + 1856264\nE       2   chromedriver                        0x0000000102aec82c cxxbridge1$string$len + 88524\nE       3   chromedriver                        0x0000000102b36020 cxxbridge1$string$len + 389568\nE       4   chromedriver                        0x0000000102b3464c cxxbridge1$string$len + 382956\nE       5   chromedriver                        0x0000000102b32878 cxxbridge1$string$len + 375320\nE       6   chromedriver                        0x0000000102b31dc4 cxxbridge1$string$len + 372580\nE       7   chromedriver                        0x0000000102b273a8 cxxbridge1$string$len + 329032\nE       8   chromedriver                        0x0000000102b26e38 cxxbridge1$string$len + 327640\nE       9   chromedriver                        0x0000000102b6848c cxxbridge1$string$len + 595500\nE       10  chromedriver                        0x0000000102b25474 cxxbridge1$string$len + 321044\nE       11  chromedriver                        0x0000000102b260e4 cxxbridge1$string$len + 324228\nE       12  chromedriver                        0x0000000102eaca08 cxxbridge1$str$ptr + 1656336\nE       13  chromedriver                        0x0000000102eb1464 cxxbridge1$str$ptr + 1675372\nE       14  chromedriver                        0x0000000102e928ec cxxbridge1$str$ptr + 1549556\nE       15  chromedriver                        0x0000000102eb1c14 cxxbridge1$str$ptr + 1677340\nE       16  chromedriver                        0x0000000102e845fc cxxbridge1$str$ptr + 1491460\nE       17  chromedriver                        0x0000000102ecea5c cxxbridge1$str$ptr + 1795684\nE       18  chromedriver                        0x0000000102ecebd8 cxxbridge1$str$ptr + 1796064\nE       19  chromedriver                        0x0000000102edd334 cxxbridge1$str$ptr + 1855292\nE       20  libsystem_pthread.dylib             0x0000000184fe9f94 _pthread_start + 136\nE       21  libsystem_pthread.dylib             0x0000000184fe4d34 thread_start + 8\n\n/Library/Frameworks/Python.framework/Versions/3.11/lib/python3.11/site-packages/selenium/webdriver/remote/errorhandler.py:229: ElementClickInterceptedException"}, "description": "Тест проверяет корректное выполнение поиска, используя каталог", "steps": [{"name": "Открытие веб-страницы в Chrome и выполнение поиска", "status": "broken", "statusDetails": {"message": "selenium.common.exceptions.ElementClickInterceptedException: Message: element click intercepted: Element <div class=\"button change-city__button change-city__button--accept blue\" tag=\"button\">...</div> is not clickable at point (232, 458). Other element would receive the click: <button class=\"button button push-notification__subscribe-button blue\">...</button>\n  (Session info: chrome=127.0.6533.120)\nStacktrace:\n0   chromedriver                        0x0000000102ee5024 cxxbridge1$str$ptr + 1887276\n1   chromedriver                        0x0000000102edd700 cxxbridge1$str$ptr + 1856264\n2   chromedriver                        0x0000000102aec82c cxxbridge1$string$len + 88524\n3   chromedriver                        0x0000000102b36020 cxxbridge1$string$len + 389568\n4   chromedriver                        0x0000000102b3464c cxxbridge1$string$len + 382956\n5   chromedriver                        0x0000000102b32878 cxxbridge1$string$len + 375320\n6   chromedriver                        0x0000000102b31dc4 cxxbridge1$string$len + 372580\n7   chromedriver                        0x0000000102b273a8 cxxbridge1$string$len + 329032\n8   chromedriver                        0x0000000102b26e38 cxxbridge1$string$len + 327640\n9   chromedriver                        0x0000000102b6848c cxxbridge1$string$len + 595500\n10  chromedriver                        0x0000000102b25474 cxxbridge1$string$len + 321044\n11  chromedriver                        0x0000000102b260e4 cxxbridge1$string$len + 324228\n12  chromedriver                        0x0000000102eaca08 cxxbridge1$str$ptr + 1656336\n13  chromedriver                        0x0000000102eb1464 cxxbridge1$str$ptr + 1675372\n14  chromedriver                        0x0000000102e928ec cxxbridge1$str$ptr + 1549556\n15  chromedriver                        0x0000000102eb1c14 cxxbridge1$str$ptr + 1677340\n16  chromedriver                        0x0000000102e845fc cxxbridge1$str$ptr + 1491460\n17  chromedriver                        0x0000000102ecea5c cxxbridge1$str$ptr + 1795684\n18  chromedriver                        0x0000000102ecebd8 cxxbridge1$str$ptr + 1796064\n19  chromedriver                        0x0000000102edd334 cxxbridge1$str$ptr + 1855292\n20  libsystem_pthread.dylib             0x0000000184fe9f94 _pthread_start + 136\n21  libsystem_pthread.dylib             0x0000000184fe4d34 thread_start + 8\n\n", "trace": "  File \"/Users/arturmavl/Desktop/GitHub/diploma_thesis/test_ui/test_ui_page_object.py\", line 75, in test_catalog_search\n    text = main_page.catalog_search()\n          ^^^^^^^^^^^^^^^^^^^^^^^^^^\n  File \"/Users/arturmavl/Desktop/GitHub/diploma_thesis/test_ui/MainPage.py\", line 44, in catalog_search\n    self._driver.find_element(By.XPATH, '//div[contains(text(),\"Да, я здесь\")]').click()\n  File \"/Library/Frameworks/Python.framework/Versions/3.11/lib/python3.11/site-packages/selenium/webdriver/remote/webelement.py\", line 94, in click\n    self._execute(Command.CLICK_ELEMENT)\n  File \"/Library/Frameworks/Python.framework/Versions/3.11/lib/python3.11/site-packages/selenium/webdriver/remote/webelement.py\", line 395, in _execute\n    return self._parent.execute(command, params)\n           ^^^^^^^^^^^^^^^^^^^^^^^^^^^^^^^^^^^^^\n  File \"/Library/Frameworks/Python.framework/Versions/3.11/lib/python3.11/site-packages/selenium/webdriver/remote/webdriver.py\", line 354, in execute\n    self.error_handler.check_response(response)\n  File \"/Library/Frameworks/Python.framework/Versions/3.11/lib/python3.11/site-packages/selenium/webdriver/remote/errorhandler.py\", line 229, in check_response\n    raise exception_class(message, screen, stacktrace)\n"}, "start": 1724165372574, "stop": 1724165398892}], "start": 1724165372574, "stop": 1724165398896, "uuid": "b12d2219-c557-4ae2-aa54-36ce2dda960c", "historyId": "0146065d0fedb9585c48ade0a2fe1e77", "testCaseId": "0146065d0fedb9585c48ade0a2fe1e77", "fullName": "test_ui.test_ui_page_object#test_catalog_search", "labels": [{"name": "severity", "value": "normal"}, {"name": "feature", "value": "READ"}, {"name": "tag", "value": "positive_test"}, {"name": "parentSuite", "value": "test_ui"}, {"name": "suite", "value": "test_ui_page_object"}, {"name": "host", "value": "MacBook-Air-Artur.local"}, {"name": "thread", "value": "29542-MainThread"}, {"name": "framework", "value": "pytest"}, {"name": "language", "value": "cpython3"}, {"name": "package", "value": "test_ui.test_ui_page_object"}]}